[2017-12-26 02:37:54] SD.ERROR: WORKER Error json_decode() expects parameter 1 to be string, array given (/app/mapgame/src/app/Tasks/CarTask.php:27) [] []
[2017-12-26 02:37:57] SD.ERROR: WORKER Error json_decode() expects parameter 1 to be string, array given (/app/mapgame/src/app/Tasks/CarTask.php:27) [] []
[2017-12-26 02:37:58] SD.ERROR: WORKER Error json_decode() expects parameter 1 to be string, array given (/app/mapgame/src/app/Tasks/CarTask.php:27) [] []
[2017-12-26 02:37:59] SD.ERROR: WORKER Error json_decode() expects parameter 1 to be string, array given (/app/mapgame/src/app/Tasks/CarTask.php:27) [] []
[2017-12-26 02:38:00] SD.ERROR: WORKER Error json_decode() expects parameter 1 to be string, array given (/app/mapgame/src/app/Tasks/CarTask.php:27) [] []
[2017-12-26 02:38:01] SD.ERROR: WORKER Error json_decode() expects parameter 1 to be string, array given (/app/mapgame/src/app/Tasks/CarTask.php:27) [] []
[2017-12-26 02:38:02] SD.ERROR: WORKER Error json_decode() expects parameter 1 to be string, array given (/app/mapgame/src/app/Tasks/CarTask.php:27) [] []
[2017-12-26 02:38:03] SD.ERROR: WORKER Error json_decode() expects parameter 1 to be string, array given (/app/mapgame/src/app/Tasks/CarTask.php:27) [] []
[2017-12-26 02:38:04] SD.ERROR: WORKER Error json_decode() expects parameter 1 to be string, array given (/app/mapgame/src/app/Tasks/CarTask.php:27) [] []
[2017-12-26 02:38:05] SD.ERROR: WORKER Error json_decode() expects parameter 1 to be string, array given (/app/mapgame/src/app/Tasks/CarTask.php:27) [] []
[2017-12-26 02:38:06] SD.ERROR: WORKER Error json_decode() expects parameter 1 to be string, array given (/app/mapgame/src/app/Tasks/CarTask.php:27) [] []
[2017-12-26 02:38:07] SD.ERROR: WORKER Error json_decode() expects parameter 1 to be string, array given (/app/mapgame/src/app/Tasks/CarTask.php:27) [] []
[2017-12-26 02:38:08] SD.ERROR: WORKER Error json_decode() expects parameter 1 to be string, array given (/app/mapgame/src/app/Tasks/CarTask.php:27) [] []
[2017-12-26 02:38:09] SD.ERROR: WORKER Error json_decode() expects parameter 1 to be string, array given (/app/mapgame/src/app/Tasks/CarTask.php:27) [] []
[2017-12-26 02:38:10] SD.ERROR: WORKER Error json_decode() expects parameter 1 to be string, array given (/app/mapgame/src/app/Tasks/CarTask.php:27) [] []
[2017-12-26 02:38:11] SD.ERROR: WORKER Error json_decode() expects parameter 1 to be string, array given (/app/mapgame/src/app/Tasks/CarTask.php:27) [] []
[2017-12-26 02:38:12] SD.ERROR: WORKER Error json_decode() expects parameter 1 to be string, array given (/app/mapgame/src/app/Tasks/CarTask.php:27) [] []
[2017-12-26 02:38:13] SD.ERROR: WORKER Error json_decode() expects parameter 1 to be string, array given (/app/mapgame/src/app/Tasks/CarTask.php:27) [] []
[2017-12-26 02:38:14] SD.ERROR: WORKER Error json_decode() expects parameter 1 to be string, array given (/app/mapgame/src/app/Tasks/CarTask.php:27) [] []
[2017-12-26 08:35:01] SD.ERROR: WORKER Error Undefined property: app\Tasks\CarTask::$SeriesModel (/app/mapgame/src/app/Tasks/CarTask.php:29) [] []
[2017-12-26 08:35:01] SD.ERROR: WORKER EXIT UNEXPECTED Uncaught Error: Call to a member function synseries() on null in /app/mapgame/src/app/Tasks/CarTask.php:29 Stack trace: #0 [internal function]: app\Tasks\CarTask->series() #1 /app/mapgame/vendor/tmtbe/swooledistributed/src/Server/Coroutine/CoroutineTask.php(146): Generator->valid() #2 /app/mapgame/vendor/tmtbe/swooledistributed/src/Server/Coroutine/Coroutine.php(108): Server\Coroutine\CoroutineTask->isFinished() #3 /app/mapgame/vendor/tmtbe/swooledistributed/src/Server/SwooleDistributedServer.php(296): Server\Coroutine\Coroutine::startCoroutine(Array, Array) #4 [internal function]: Server\SwooleDistributedServer->onSwooleTask(Object(swoole_websocket_server), 0, 2, Array) #5 /app/mapgame/vendor/tmtbe/swooledistributed/src/Server/SwooleWebSocketServer.php(57): swoole_http_server->start() #6 /app/mapgame/vendor/tmtbe/swooledistributed/src/Server/SwooleDistributedServer.php(148): Server\SwooleWebSocketServer->start() #7 /app/mapgame/vendor/tmtbe/swooledistributed/src/Server/Start.php(345): Server\SwooleDistribute (/app/mapgame/src/app/Tasks/CarTask.php:29) Stack trace: #0 unknown(0): app\AppServer->checkErrors()  [] []
[2017-12-26 08:35:01] SD.ALERT: WORKER Error {"worker_id":4,"worker_pid":270,"exit_code":255} [] []
[2017-12-26 08:35:40] SD.ERROR: WORKER EXIT UNEXPECTED Uncaught Error: Call to a member function synseries() on null in /app/mapgame/src/app/Tasks/CarTask.php:29 Stack trace: #0 [internal function]: app\Tasks\CarTask->series() #1 /app/mapgame/vendor/tmtbe/swooledistributed/src/Server/Coroutine/CoroutineTask.php(146): Generator->valid() #2 /app/mapgame/vendor/tmtbe/swooledistributed/src/Server/Coroutine/Coroutine.php(108): Server\Coroutine\CoroutineTask->isFinished() #3 /app/mapgame/vendor/tmtbe/swooledistributed/src/Server/SwooleDistributedServer.php(296): Server\Coroutine\Coroutine::startCoroutine(Array, Array) #4 [internal function]: Server\SwooleDistributedServer->onSwooleTask(Object(swoole_websocket_server), 0, 3, Array) #5 /app/mapgame/vendor/tmtbe/swooledistributed/src/Server/SwooleWebSocketServer.php(57): swoole_http_server->start() #6 /app/mapgame/vendor/tmtbe/swooledistributed/src/Server/SwooleDistributedServer.php(148): Server\SwooleWebSocketServer->start() #7 /app/mapgame/vendor/tmtbe/swooledistributed/src/Server/Start.php(345): Server\SwooleDistribute (/app/mapgame/src/app/Tasks/CarTask.php:29) Stack trace: #0 unknown(0): app\AppServer->checkErrors()  [] []
[2017-12-26 08:35:40] SD.ALERT: WORKER Error {"worker_id":4,"worker_pid":288,"exit_code":255} [] []
[2017-12-26 08:42:30] SD.ERROR: WORKER EXIT UNEXPECTED Uncaught Error: Call to a member function synseries() on null in /app/mapgame/src/app/Tasks/CarTask.php:29 Stack trace: #0 [internal function]: app\Tasks\CarTask->series() #1 /app/mapgame/vendor/tmtbe/swooledistributed/src/Server/Coroutine/CoroutineTask.php(146): Generator->valid() #2 /app/mapgame/vendor/tmtbe/swooledistributed/src/Server/Coroutine/Coroutine.php(108): Server\Coroutine\CoroutineTask->isFinished() #3 /app/mapgame/vendor/tmtbe/swooledistributed/src/Server/SwooleDistributedServer.php(296): Server\Coroutine\Coroutine::startCoroutine(Array, Array) #4 [internal function]: Server\SwooleDistributedServer->onSwooleTask(Object(swoole_websocket_server), 0, 0, Array) #5 /app/mapgame/vendor/tmtbe/swooledistributed/src/Server/SwooleWebSocketServer.php(57): swoole_http_server->start() #6 /app/mapgame/vendor/tmtbe/swooledistributed/src/Server/SwooleDistributedServer.php(148): Server\SwooleWebSocketServer->start() #7 /app/mapgame/vendor/tmtbe/swooledistributed/src/Server/Start.php(345): Server\SwooleDistribute (/app/mapgame/src/app/Tasks/CarTask.php:29) Stack trace: #0 unknown(0): app\AppServer->checkErrors()  [] []
[2017-12-26 08:42:30] SD.ALERT: WORKER Error {"worker_id":4,"worker_pid":306,"exit_code":255} [] []
[2017-12-26 08:42:40] SD.ALERT: WORKER Error {"worker_id":4,"worker_pid":323,"exit_code":255} [] []
[2017-12-26 08:43:00] SD.ERROR: WORKER EXIT UNEXPECTED Uncaught Error: Call to a member function synseries() on null in /app/mapgame/src/app/Tasks/CarTask.php:31 Stack trace: #0 [internal function]: app\Tasks\CarTask->series() #1 /app/mapgame/vendor/tmtbe/swooledistributed/src/Server/Coroutine/CoroutineTask.php(146): Generator->valid() #2 /app/mapgame/vendor/tmtbe/swooledistributed/src/Server/Coroutine/Coroutine.php(108): Server\Coroutine\CoroutineTask->isFinished() #3 /app/mapgame/vendor/tmtbe/swooledistributed/src/Server/SwooleDistributedServer.php(296): Server\Coroutine\Coroutine::startCoroutine(Array, Array) #4 [internal function]: Server\SwooleDistributedServer->onSwooleTask(Object(swoole_websocket_server), 0, 0, Array) #5 /app/mapgame/vendor/tmtbe/swooledistributed/src/Server/SwooleWebSocketServer.php(57): swoole_http_server->start() #6 /app/mapgame/vendor/tmtbe/swooledistributed/src/Server/SwooleDistributedServer.php(148): Server\SwooleWebSocketServer->start() #7 /app/mapgame/vendor/tmtbe/swooledistributed/src/Server/Start.php(345): Server\SwooleDistribute (/app/mapgame/src/app/Tasks/CarTask.php:31) Stack trace: #0 unknown(0): app\AppServer->checkErrors()  [] []
[2017-12-26 08:43:00] SD.ALERT: WORKER Error {"worker_id":4,"worker_pid":334,"exit_code":255} [] []
[2017-12-26 08:44:30] SD.ERROR: WORKER Error Undefined property: app\Tasks\CarTask::$SeriesModel (/app/mapgame/src/app/Tasks/CarTask.php:34) [] []
[2017-12-26 08:44:30] SD.ERROR: WORKER EXIT UNEXPECTED Uncaught Error: Call to a member function synseries() on null in /app/mapgame/src/app/Tasks/CarTask.php:34 Stack trace: #0 [internal function]: app\Tasks\CarTask->series() #1 /app/mapgame/vendor/tmtbe/swooledistributed/src/Server/Coroutine/CoroutineTask.php(146): Generator->valid() #2 /app/mapgame/vendor/tmtbe/swooledistributed/src/Server/Coroutine/Coroutine.php(108): Server\Coroutine\CoroutineTask->isFinished() #3 /app/mapgame/vendor/tmtbe/swooledistributed/src/Server/SwooleDistributedServer.php(296): Server\Coroutine\Coroutine::startCoroutine(Array, Array) #4 [internal function]: Server\SwooleDistributedServer->onSwooleTask(Object(swoole_websocket_server), 0, 1, Array) #5 /app/mapgame/vendor/tmtbe/swooledistributed/src/Server/SwooleWebSocketServer.php(57): swoole_http_server->start() #6 /app/mapgame/vendor/tmtbe/swooledistributed/src/Server/SwooleDistributedServer.php(148): Server\SwooleWebSocketServer->start() #7 /app/mapgame/vendor/tmtbe/swooledistributed/src/Server/Start.php(345): Server\SwooleDistribute (/app/mapgame/src/app/Tasks/CarTask.php:34) Stack trace: #0 unknown(0): app\AppServer->checkErrors()  [] []
[2017-12-26 08:44:30] SD.ALERT: WORKER Error {"worker_id":4,"worker_pid":352,"exit_code":255} [] []
[2017-12-26 08:44:40] SD.ALERT: WORKER Error {"worker_id":4,"worker_pid":364,"exit_code":255} [] []
[2017-12-26 08:45:20] SD.ERROR: WORKER Error Undefined property: app\Tasks\CarTask::$SeriesModel (/app/mapgame/src/app/Tasks/CarTask.php:34) [] []
[2017-12-26 08:45:20] SD.ERROR: WORKER EXIT UNEXPECTED Uncaught Error: Call to a member function synseries() on null in /app/mapgame/src/app/Tasks/CarTask.php:34 Stack trace: #0 [internal function]: app\Tasks\CarTask->series() #1 /app/mapgame/vendor/tmtbe/swooledistributed/src/Server/Coroutine/CoroutineTask.php(146): Generator->valid() #2 /app/mapgame/vendor/tmtbe/swooledistributed/src/Server/Coroutine/Coroutine.php(108): Server\Coroutine\CoroutineTask->isFinished() #3 /app/mapgame/vendor/tmtbe/swooledistributed/src/Server/SwooleDistributedServer.php(296): Server\Coroutine\Coroutine::startCoroutine(Array, Array) #4 [internal function]: Server\SwooleDistributedServer->onSwooleTask(Object(swoole_websocket_server), 0, 3, Array) #5 /app/mapgame/vendor/tmtbe/swooledistributed/src/Server/SwooleWebSocketServer.php(57): swoole_http_server->start() #6 /app/mapgame/vendor/tmtbe/swooledistributed/src/Server/SwooleDistributedServer.php(148): Server\SwooleWebSocketServer->start() #7 /app/mapgame/vendor/tmtbe/swooledistributed/src/Server/Start.php(345): Server\SwooleDistribute (/app/mapgame/src/app/Tasks/CarTask.php:34) Stack trace: #0 unknown(0): app\AppServer->checkErrors()  [] []
[2017-12-26 08:45:20] SD.ALERT: WORKER Error {"worker_id":4,"worker_pid":371,"exit_code":255} [] []
[2017-12-26 08:45:40] SD.ERROR: WORKER EXIT UNEXPECTED Uncaught Error: Call to a member function synseries() on null in /app/mapgame/src/app/Tasks/CarTask.php:34 Stack trace: #0 [internal function]: app\Tasks\CarTask->series() #1 /app/mapgame/vendor/tmtbe/swooledistributed/src/Server/Coroutine/CoroutineTask.php(146): Generator->valid() #2 /app/mapgame/vendor/tmtbe/swooledistributed/src/Server/Coroutine/Coroutine.php(108): Server\Coroutine\CoroutineTask->isFinished() #3 /app/mapgame/vendor/tmtbe/swooledistributed/src/Server/SwooleDistributedServer.php(296): Server\Coroutine\Coroutine::startCoroutine(Array, Array) #4 [internal function]: Server\SwooleDistributedServer->onSwooleTask(Object(swoole_websocket_server), 0, 2, Array) #5 /app/mapgame/vendor/tmtbe/swooledistributed/src/Server/SwooleWebSocketServer.php(57): swoole_http_server->start() #6 /app/mapgame/vendor/tmtbe/swooledistributed/src/Server/SwooleDistributedServer.php(148): Server\SwooleWebSocketServer->start() #7 /app/mapgame/vendor/tmtbe/swooledistributed/src/Server/Start.php(345): Server\SwooleDistribute (/app/mapgame/src/app/Tasks/CarTask.php:34) Stack trace: #0 unknown(0): app\AppServer->checkErrors()  [] []
[2017-12-26 08:45:41] SD.ALERT: WORKER Error {"worker_id":4,"worker_pid":389,"exit_code":255} [] []
[2017-12-26 08:48:30] SD.ERROR: WORKER EXIT UNEXPECTED Uncaught Error: Call to a member function syn_series() on null in /app/mapgame/src/app/Tasks/CarTask.php:31 Stack trace: #0 [internal function]: app\Tasks\CarTask->series() #1 /app/mapgame/vendor/tmtbe/swooledistributed/src/Server/Coroutine/CoroutineTask.php(146): Generator->valid() #2 /app/mapgame/vendor/tmtbe/swooledistributed/src/Server/Coroutine/Coroutine.php(108): Server\Coroutine\CoroutineTask->isFinished() #3 /app/mapgame/vendor/tmtbe/swooledistributed/src/Server/SwooleDistributedServer.php(296): Server\Coroutine\Coroutine::startCoroutine(Array, Array) #4 [internal function]: Server\SwooleDistributedServer->onSwooleTask(Object(swoole_websocket_server), 0, 2, Array) #5 /app/mapgame/vendor/tmtbe/swooledistributed/src/Server/SwooleWebSocketServer.php(57): swoole_http_server->start() #6 /app/mapgame/vendor/tmtbe/swooledistributed/src/Server/SwooleDistributedServer.php(148): Server\SwooleWebSocketServer->start() #7 /app/mapgame/vendor/tmtbe/swooledistributed/src/Server/Start.php(345): Server\SwooleDistribut (/app/mapgame/src/app/Tasks/CarTask.php:31) Stack trace: #0 unknown(0): app\AppServer->checkErrors()  [] []
[2017-12-26 08:48:30] SD.ALERT: WORKER Error {"worker_id":4,"worker_pid":407,"exit_code":255} [] []
[2017-12-26 09:03:10] SD.ERROR: WORKER Error Undefined property: app\Tasks\CarTask::$log (/app/mapgame/src/app/Tasks/CarTask.php:73) [] []
[2017-12-26 09:03:10] SD.ERROR: WORKER EXIT UNEXPECTED Uncaught Error: Call to a member function info() on null in /app/mapgame/src/app/Tasks/CarTask.php:73 Stack trace: #0 [internal function]: app\Tasks\CarTask->setmodel('2737') #1 /app/mapgame/vendor/tmtbe/swooledistributed/src/Server/Coroutine/CoroutineTask.php(86): Generator->send(1) #2 /app/mapgame/vendor/tmtbe/swooledistributed/src/Server/Coroutine/Coroutine.php(113): Server\Coroutine\CoroutineTask->run() #3 /app/mapgame/vendor/tmtbe/swooledistributed/src/Server/SwooleDistributedServer.php(296): Server\Coroutine\Coroutine::startCoroutine(Array, Array) #4 [internal function]: Server\SwooleDistributedServer->onSwooleTask(Object(swoole_websocket_server), 0, 1, Array) #5 /app/mapgame/vendor/tmtbe/swooledistributed/src/Server/SwooleWebSocketServer.php(57): swoole_http_server->start() #6 /app/mapgame/vendor/tmtbe/swooledistributed/src/Server/SwooleDistributedServer.php(148): Server\SwooleWebSocketServer->start() #7 /app/mapgame/vendor/tmtbe/swooledistributed/src/Server/Start.php(345): Server\SwooleDistributedServ (/app/mapgame/src/app/Tasks/CarTask.php:73) Stack trace: #0 unknown(0): app\AppServer->checkErrors()  [] []
[2017-12-26 09:03:10] SD.ALERT: WORKER Error {"worker_id":4,"worker_pid":677,"exit_code":255} [] []
[2017-12-26 09:03:20] SD.ALERT: WORKER Error {"worker_id":4,"worker_pid":683,"exit_code":255} [] []
[2017-12-26 09:14:00] SD.ERROR: WORKER Error Undefined property: app\Tasks\CarTask::$log (/app/mapgame/src/app/Tasks/CarTask.php:69) [] []
[2017-12-26 09:14:00] SD.ERROR: WORKER EXIT UNEXPECTED Uncaught Error: Call to a member function info() on null in /app/mapgame/src/app/Tasks/CarTask.php:69 Stack trace: #0 [internal function]: app\Tasks\CarTask->setmodel('4663') #1 /app/mapgame/vendor/tmtbe/swooledistributed/src/Server/Coroutine/CoroutineTask.php(86): Generator->send(1) #2 /app/mapgame/vendor/tmtbe/swooledistributed/src/Server/Coroutine/Coroutine.php(113): Server\Coroutine\CoroutineTask->run() #3 /app/mapgame/vendor/tmtbe/swooledistributed/src/Server/SwooleDistributedServer.php(296): Server\Coroutine\Coroutine::startCoroutine(Array, Array) #4 [internal function]: Server\SwooleDistributedServer->onSwooleTask(Object(swoole_websocket_server), 0, 1, Array) #5 /app/mapgame/vendor/tmtbe/swooledistributed/src/Server/SwooleWebSocketServer.php(57): swoole_http_server->start() #6 /app/mapgame/vendor/tmtbe/swooledistributed/src/Server/SwooleDistributedServer.php(148): Server\SwooleWebSocketServer->start() #7 /app/mapgame/vendor/tmtbe/swooledistributed/src/Server/Start.php(345): Server\SwooleDistributedServ (/app/mapgame/src/app/Tasks/CarTask.php:69) Stack trace: #0 unknown(0): app\AppServer->checkErrors()  [] []
[2017-12-26 09:14:00] SD.ALERT: WORKER Error {"worker_id":4,"worker_pid":695,"exit_code":255} [] []
[2017-12-26 09:15:30] SD.ERROR: WORKER Error Undefined property: app\Tasks\CarTask::$log (/app/mapgame/src/app/Tasks/CarTask.php:69) [] []
[2017-12-26 09:15:30] SD.ERROR: WORKER EXIT UNEXPECTED Uncaught Error: Call to a member function error() on null in /app/mapgame/src/app/Tasks/CarTask.php:69 Stack trace: #0 [internal function]: app\Tasks\CarTask->setmodel('4477') #1 /app/mapgame/vendor/tmtbe/swooledistributed/src/Server/Coroutine/CoroutineTask.php(86): Generator->send(1) #2 /app/mapgame/vendor/tmtbe/swooledistributed/src/Server/Coroutine/Coroutine.php(113): Server\Coroutine\CoroutineTask->run() #3 /app/mapgame/vendor/tmtbe/swooledistributed/src/Server/SwooleDistributedServer.php(296): Server\Coroutine\Coroutine::startCoroutine(Array, Array) #4 [internal function]: Server\SwooleDistributedServer->onSwooleTask(Object(swoole_websocket_server), 0, 1, Array) #5 /app/mapgame/vendor/tmtbe/swooledistributed/src/Server/SwooleWebSocketServer.php(57): swoole_http_server->start() #6 /app/mapgame/vendor/tmtbe/swooledistributed/src/Server/SwooleDistributedServer.php(148): Server\SwooleWebSocketServer->start() #7 /app/mapgame/vendor/tmtbe/swooledistributed/src/Server/Start.php(345): Server\SwooleDistributedSer (/app/mapgame/src/app/Tasks/CarTask.php:69) Stack trace: #0 unknown(0): app\AppServer->checkErrors()  [] []
[2017-12-26 09:15:30] SD.ALERT: WORKER Error {"worker_id":4,"worker_pid":713,"exit_code":255} [] []
[2017-12-26 09:17:50] SD.ERROR: WORKER EXIT UNEXPECTED Uncaught Error: Call to undefined method app\Models\DetailModel::check_model() in /app/mapgame/src/app/Tasks/CarTask.php:84 Stack trace: #0 [internal function]: app\Tasks\CarTask->setmodeldetail(124709) #1 /app/mapgame/vendor/tmtbe/swooledistributed/src/Server/Coroutine/CoroutineTask.php(60): Generator->current() #2 /app/mapgame/vendor/tmtbe/swooledistributed/src/Server/Coroutine/Coroutine.php(113): Server\Coroutine\CoroutineTask->run() #3 /app/mapgame/vendor/tmtbe/swooledistributed/src/Server/SwooleDistributedServer.php(296): Server\Coroutine\Coroutine::startCoroutine(Array, Array) #4 [internal function]: Server\SwooleDistributedServer->onSwooleTask(Object(swoole_websocket_server), 0, 3, Array) #5 /app/mapgame/vendor/tmtbe/swooledistributed/src/Server/SwooleWebSocketServer.php(57): swoole_http_server->start() #6 /app/mapgame/vendor/tmtbe/swooledistributed/src/Server/SwooleDistributedServer.php(148): Server\SwooleWebSocketServer->start() #7 /app/mapgame/vendor/tmtbe/swooledistributed/src/Server/Start.php(345) (/app/mapgame/src/app/Tasks/CarTask.php:84) Stack trace: #0 unknown(0): app\AppServer->checkErrors()  [] []
[2017-12-26 09:17:50] SD.ALERT: WORKER Error {"worker_id":4,"worker_pid":731,"exit_code":255} [] []
[2017-12-26 09:18:40] SD.ERROR: WORKER Error Undefined index: OutSet_MinGapFromEarth (/app/mapgame/src/app/Models/DetailModel.php:25) [] []
[2017-12-26 09:18:40] SD.ERROR: WORKER Error Undefined index: Engine_Type (/app/mapgame/src/app/Models/DetailModel.php:32) [] []
[2017-12-26 09:18:40] SD.ERROR: WORKER Error Undefined index: Engine_Location (/app/mapgame/src/app/Models/DetailModel.php:33) [] []
[2017-12-26 09:18:40] SD.ERROR: WORKER Error Undefined index: Perf_SeatNum (/app/mapgame/src/app/Models/DetailModel.php:35) [] []
[2017-12-26 09:18:40] SD.ERROR: WORKER EXIT UNEXPECTED Uncaught PDOException: SQLSTATE[42S22]: Column not found: 1054 Unknown column 'UnderPan_ForwardGearNum_type' in 'field list' in /app/mapgame/vendor/tmtbe/swooledistributed/src/Server/Asyn/Mysql/Miner.php:2487 Stack trace: #0 /app/mapgame/vendor/tmtbe/swooledistributed/src/Server/Asyn/Mysql/Miner.php(2487): PDO->prepare('INSERT HIGH_PRI...') #1 /app/mapgame/vendor/tmtbe/swooledistributed/src/Server/Asyn/Mysql/Miner.php(2440): Server\Asyn\Mysql\Miner->pdoExecute('INSERT HIGH_PRI...', NULL) #2 /app/mapgame/vendor/tmtbe/swooledistributed/src/Server/Asyn/Mysql/Miner.php(1845): Server\Asyn\Mysql\Miner->pdoQuery('INSERT HIGH_PRI...') #3 /app/mapgame/src/app/Models/DetailModel.php(45): Server\Asyn\Mysql\Miner->coroutineSend() #4 [internal function]: app\Models\DetailModel->insert_detail(Array) #5 /app/mapgame/vendor/tmtbe/swooledistributed/src/Server/Coroutine/CoroutineTask.php(60): Generator->current() #6 /app/mapgame/vendor/tmtbe/swooledistributed/src/Server/Coroutine/Coroutine.php(113): Server\Coroutine\CoroutineT (/app/mapgame/vendor/tmtbe/swooledistributed/src/Server/Asyn/Mysql/Miner.php:2487) Stack trace: #0 unknown(0): app\AppServer->checkErrors()  [] []
[2017-12-26 09:18:40] SD.ALERT: WORKER Error {"worker_id":4,"worker_pid":749,"exit_code":255} [] []
[2017-12-26 09:22:40] SD.ERROR: WORKER Error Undefined index: Engine_Type (/app/mapgame/src/app/Models/DetailModel.php:32) [] []
[2017-12-26 09:22:40] SD.ERROR: WORKER Error Undefined index: Engine_Location (/app/mapgame/src/app/Models/DetailModel.php:33) [] []
[2017-12-26 09:22:40] SD.ERROR: WORKER Error Undefined index: Perf_SeatNum (/app/mapgame/src/app/Models/DetailModel.php:35) [] []
[2017-12-26 09:22:40] SD.ERROR: WORKER Error Undefined index: Engine_Type (/app/mapgame/src/app/Models/DetailModel.php:32) [] []
[2017-12-26 09:22:40] SD.ERROR: WORKER Error Undefined index: Engine_Location (/app/mapgame/src/app/Models/DetailModel.php:33) [] []
[2017-12-26 09:22:40] SD.ERROR: WORKER Error Undefined index: Perf_SeatNum (/app/mapgame/src/app/Models/DetailModel.php:35) [] []
[2017-12-26 09:22:40] SD.ERROR: WORKER Error Undefined index: Engine_Type (/app/mapgame/src/app/Models/DetailModel.php:32) [] []
[2017-12-26 09:22:40] SD.ERROR: WORKER Error Undefined index: Engine_Location (/app/mapgame/src/app/Models/DetailModel.php:33) [] []
[2017-12-26 09:22:40] SD.ERROR: WORKER Error Undefined index: Perf_SeatNum (/app/mapgame/src/app/Models/DetailModel.php:35) [] []
[2017-12-26 09:22:41] SD.ERROR: WORKER Error Undefined index: Engine_Type (/app/mapgame/src/app/Models/DetailModel.php:32) [] []
[2017-12-26 09:22:41] SD.ERROR: WORKER Error Undefined index: Engine_Location (/app/mapgame/src/app/Models/DetailModel.php:33) [] []
[2017-12-26 09:22:41] SD.ERROR: WORKER Error Undefined index: Perf_SeatNum (/app/mapgame/src/app/Models/DetailModel.php:35) [] []
[2017-12-26 09:22:41] SD.ERROR: WORKER Error Undefined index: Engine_Type (/app/mapgame/src/app/Models/DetailModel.php:32) [] []
[2017-12-26 09:22:41] SD.ERROR: WORKER Error Undefined index: Engine_Location (/app/mapgame/src/app/Models/DetailModel.php:33) [] []
[2017-12-26 09:22:41] SD.ERROR: WORKER Error Undefined index: Perf_SeatNum (/app/mapgame/src/app/Models/DetailModel.php:35) [] []
[2017-12-26 09:22:41] SD.ERROR: WORKER Error Undefined index: Engine_Type (/app/mapgame/src/app/Models/DetailModel.php:32) [] []
[2017-12-26 09:22:41] SD.ERROR: WORKER Error Undefined index: Engine_Location (/app/mapgame/src/app/Models/DetailModel.php:33) [] []
[2017-12-26 09:22:41] SD.ERROR: WORKER Error Undefined index: Perf_SeatNum (/app/mapgame/src/app/Models/DetailModel.php:35) [] []
[2017-12-26 09:26:40] SD.ERROR: WORKER Error Undefined index: data (/app/mapgame/src/app/Tasks/CarTask.php:47) [] []
[2017-12-26 09:26:40] SD.ERROR: WORKER Error Invalid argument supplied for foreach() (/app/mapgame/src/app/Tasks/CarTask.php:49) [] []
[2017-12-26 09:26:50] SD.ERROR: WORKER Error Undefined index: OutSet_MinGapFromEarth (/app/mapgame/src/app/Models/DetailModel.php:30) [] []
[2017-12-26 09:26:50] SD.ERROR: WORKER Error Undefined index: Perf_MaxSpeed (/app/mapgame/src/app/Models/DetailModel.php:41) [] []
[2017-12-26 09:26:50] SD.ERROR: WORKER Error Undefined index: OutSet_MinGapFromEarth (/app/mapgame/src/app/Models/DetailModel.php:30) [] []
[2017-12-26 09:26:50] SD.ERROR: WORKER Error Undefined index: Perf_MaxSpeed (/app/mapgame/src/app/Models/DetailModel.php:41) [] []
[2017-12-26 09:30:10] SD.ERROR: WORKER Error Undefined index: data (/app/mapgame/src/app/Tasks/CarTask.php:47) [] []
[2017-12-26 09:30:10] SD.ERROR: WORKER Error Invalid argument supplied for foreach() (/app/mapgame/src/app/Tasks/CarTask.php:49) [] []
[2017-12-26 09:42:30] SD.ERROR: WORKER Error Undefined index: data (/app/mapgame/src/app/Tasks/CarTask.php:51) [] []
[2017-12-26 09:43:00] SD.ERROR: WORKER Error Undefined index: data (/app/mapgame/src/app/Tasks/CarTask.php:51) [] []
