[2017-12-25 16:34:34] SD.ERROR: WORKER Error Redis::connect(): connect() failed: Connection refused (/app/mapgame/vendor/tmtbe/swooledistributed/src/Server/Asyn/Redis/RedisAsynPool.php:408) [] []
[2017-12-25 16:34:34] SD.ERROR: WORKER EXIT UNEXPECTED Uncaught RedisException: Redis server went away in /app/mapgame/vendor/tmtbe/swooledistributed/src/Server/Asyn/Redis/RedisAsynPool.php:409 Stack trace: #0 /app/mapgame/vendor/tmtbe/swooledistributed/src/Server/Asyn/Redis/RedisAsynPool.php(409): Redis->getLastError() #1 /app/mapgame/vendor/tmtbe/swooledistributed/src/Server/SwooleDistributedServer.php(143): Server\Asyn\Redis\RedisAsynPool->getSync() #2 /app/mapgame/vendor/tmtbe/swooledistributed/src/Server/Start.php(345): Server\SwooleDistributedServer->start() #3 /app/mapgame/vendor/tmtbe/swooledistributed/src/Server/Start.php(70): Server\Start::startSwoole() #4 /app/mapgame/bin/start_swoole_server.php(11): Server\Start::run() #5 {main}   thrown (/app/mapgame/vendor/tmtbe/swooledistributed/src/Server/Asyn/Redis/RedisAsynPool.php:409) Stack trace: #0 unknown(0): app\AppServer->checkErrors()  [] []
[2017-12-25 16:49:13] SD.ERROR: WORKER EXIT UNEXPECTED Uncaught Server\CoreBase\SwooleException: method test not exist in TestTask in /app/mapgame/vendor/tmtbe/swooledistributed/src/Server/SwooleDistributedServer.php:298 Stack trace: #0 [internal function]: Server\SwooleDistributedServer->onSwooleTask(Object(swoole_websocket_server), 0, 1, Array) #1 /app/mapgame/vendor/tmtbe/swooledistributed/src/Server/SwooleWebSocketServer.php(57): swoole_http_server->start() #2 /app/mapgame/vendor/tmtbe/swooledistributed/src/Server/SwooleDistributedServer.php(148): Server\SwooleWebSocketServer->start() #3 /app/mapgame/vendor/tmtbe/swooledistributed/src/Server/Start.php(345): Server\SwooleDistributedServer->start() #4 /app/mapgame/vendor/tmtbe/swooledistributed/src/Server/Start.php(70): Server\Start::startSwoole() #5 /app/mapgame/bin/start_swoole_server.php(11): Server\Start::run() #6 {main}   thrown (/app/mapgame/vendor/tmtbe/swooledistributed/src/Server/SwooleDistributedServer.php:298) Stack trace: #0 unknown(0): app\AppServer->checkErrors()  [] []
[2017-12-25 16:49:13] SD.ALERT: WORKER Error {"worker_id":4,"worker_pid":274,"exit_code":255} [] []
[2017-12-25 16:49:16] SD.ALERT: WORKER Error {"worker_id":4,"worker_pid":284,"exit_code":255} [] []
[2017-12-25 16:49:17] SD.ALERT: WORKER Error {"worker_id":4,"worker_pid":287,"exit_code":255} [] []
[2017-12-25 16:49:18] SD.ALERT: WORKER Error {"worker_id":4,"worker_pid":288,"exit_code":255} [] []
[2017-12-25 16:49:19] SD.ALERT: WORKER Error {"worker_id":4,"worker_pid":289,"exit_code":255} [] []
[2017-12-25 16:49:20] SD.ALERT: WORKER Error {"worker_id":4,"worker_pid":290,"exit_code":255} [] []
[2017-12-25 16:49:21] SD.ALERT: WORKER Error {"worker_id":4,"worker_pid":291,"exit_code":255} [] []
[2017-12-25 16:49:22] SD.ALERT: WORKER Error {"worker_id":4,"worker_pid":292,"exit_code":255} [] []
[2017-12-25 16:49:23] SD.ALERT: WORKER Error {"worker_id":4,"worker_pid":293,"exit_code":255} [] []
[2017-12-25 16:49:24] SD.ALERT: WORKER Error {"worker_id":4,"worker_pid":294,"exit_code":255} [] []
[2017-12-25 16:49:25] SD.ALERT: WORKER Error {"worker_id":4,"worker_pid":295,"exit_code":255} [] []
[2017-12-25 16:49:26] SD.ALERT: WORKER Error {"worker_id":4,"worker_pid":296,"exit_code":255} [] []
[2017-12-25 16:49:27] SD.ALERT: WORKER Error {"worker_id":4,"worker_pid":297,"exit_code":255} [] []
[2017-12-25 16:49:28] SD.ALERT: WORKER Error {"worker_id":4,"worker_pid":298,"exit_code":255} [] []
[2017-12-25 16:49:29] SD.ALERT: WORKER Error {"worker_id":4,"worker_pid":299,"exit_code":255} [] []
[2017-12-25 16:49:30] SD.ALERT: WORKER Error {"worker_id":4,"worker_pid":300,"exit_code":255} [] []
[2017-12-25 16:53:00] SD.ERROR: WORKER EXIT UNEXPECTED Uncaught Server\CoreBase\SwooleException: method getmodel not exist in TestTask in /app/mapgame/vendor/tmtbe/swooledistributed/src/Server/SwooleDistributedServer.php:298 Stack trace: #0 [internal function]: Server\SwooleDistributedServer->onSwooleTask(Object(swoole_websocket_server), 0, 1, Array) #1 /app/mapgame/vendor/tmtbe/swooledistributed/src/Server/SwooleWebSocketServer.php(57): swoole_http_server->start() #2 /app/mapgame/vendor/tmtbe/swooledistributed/src/Server/SwooleDistributedServer.php(148): Server\SwooleWebSocketServer->start() #3 /app/mapgame/vendor/tmtbe/swooledistributed/src/Server/Start.php(345): Server\SwooleDistributedServer->start() #4 /app/mapgame/vendor/tmtbe/swooledistributed/src/Server/Start.php(70): Server\Start::startSwoole() #5 /app/mapgame/bin/start_swoole_server.php(11): Server\Start::run() #6 {main}   thrown (/app/mapgame/vendor/tmtbe/swooledistributed/src/Server/SwooleDistributedServer.php:298) Stack trace: #0 unknown(0): app\AppServer->checkErrors()  [] []
[2017-12-25 16:53:00] SD.ALERT: WORKER Error {"worker_id":4,"worker_pid":360,"exit_code":255} [] []
[2017-12-25 16:53:03] SD.ALERT: WORKER Error {"worker_id":4,"worker_pid":370,"exit_code":255} [] []
[2017-12-25 16:53:04] SD.ALERT: WORKER Error {"worker_id":4,"worker_pid":373,"exit_code":255} [] []
[2017-12-25 16:53:05] SD.ERROR: WORKER EXIT UNEXPECTED Cannot declare class app\Tasks\CarTask, because the name is already in use (/app/mapgame/src/app/Tasks/TestTask.php:31) Stack trace: #0 unknown(0): app\AppServer->checkErrors()  [] []
[2017-12-25 16:53:05] SD.ALERT: WORKER Error {"worker_id":2,"worker_pid":367,"exit_code":255} [] []
[2017-12-25 16:53:06] SD.ERROR: WORKER EXIT UNEXPECTED Cannot declare class app\Tasks\CarTask, because the name is already in use (/app/mapgame/src/app/Tasks/TestTask.php:31) Stack trace: #0 unknown(0): app\AppServer->checkErrors()  [] []
[2017-12-25 16:53:06] SD.ALERT: WORKER Error {"worker_id":0,"worker_pid":365,"exit_code":255} [] []
[2017-12-25 16:53:07] SD.ALERT: WORKER Error {"worker_id":4,"worker_pid":374,"exit_code":255} [] []
[2017-12-25 16:53:08] SD.ALERT: WORKER Error {"worker_id":4,"worker_pid":377,"exit_code":255} [] []
[2017-12-25 16:53:09] SD.ALERT: WORKER Error {"worker_id":4,"worker_pid":378,"exit_code":255} [] []
[2017-12-25 16:53:58] SD.ERROR: WORKER EXIT UNEXPECTED Uncaught Server\CoreBase\SwooleException: method getmodel not exist in TestTask in /app/mapgame/vendor/tmtbe/swooledistributed/src/Server/SwooleDistributedServer.php:298 Stack trace: #0 [internal function]: Server\SwooleDistributedServer->onSwooleTask(Object(swoole_websocket_server), 0, 1, Array) #1 /app/mapgame/vendor/tmtbe/swooledistributed/src/Server/SwooleWebSocketServer.php(57): swoole_http_server->start() #2 /app/mapgame/vendor/tmtbe/swooledistributed/src/Server/SwooleDistributedServer.php(148): Server\SwooleWebSocketServer->start() #3 /app/mapgame/vendor/tmtbe/swooledistributed/src/Server/Start.php(345): Server\SwooleDistributedServer->start() #4 /app/mapgame/vendor/tmtbe/swooledistributed/src/Server/Start.php(70): Server\Start::startSwoole() #5 /app/mapgame/bin/start_swoole_server.php(11): Server\Start::run() #6 {main}   thrown (/app/mapgame/vendor/tmtbe/swooledistributed/src/Server/SwooleDistributedServer.php:298) Stack trace: #0 unknown(0): app\AppServer->checkErrors()  [] []
[2017-12-25 16:53:58] SD.ALERT: WORKER Error {"worker_id":4,"worker_pid":385,"exit_code":255} [] []
[2017-12-25 16:54:01] SD.ERROR: WORKER EXIT UNEXPECTED Cannot declare class app\Tasks\CarTask, because the name is already in use (/app/mapgame/src/app/Tasks/TestTask.php:31) Stack trace: #0 unknown(0): app\AppServer->checkErrors()  [] []
[2017-12-25 16:54:01] SD.ALERT: WORKER Error {"worker_id":1,"worker_pid":391,"exit_code":255} [] []
[2017-12-25 16:54:02] SD.ALERT: WORKER Error {"worker_id":4,"worker_pid":395,"exit_code":255} [] []
[2017-12-25 16:54:03] SD.ALERT: WORKER Error {"worker_id":4,"worker_pid":399,"exit_code":255} [] []
[2017-12-25 16:54:29] SD.ERROR: WORKER EXIT UNEXPECTED Uncaught Server\CoreBase\SwooleException: method model not exist in TestTask in /app/mapgame/vendor/tmtbe/swooledistributed/src/Server/SwooleDistributedServer.php:298 Stack trace: #0 [internal function]: Server\SwooleDistributedServer->onSwooleTask(Object(swoole_websocket_server), 0, 3, Array) #1 /app/mapgame/vendor/tmtbe/swooledistributed/src/Server/SwooleWebSocketServer.php(57): swoole_http_server->start() #2 /app/mapgame/vendor/tmtbe/swooledistributed/src/Server/SwooleDistributedServer.php(148): Server\SwooleWebSocketServer->start() #3 /app/mapgame/vendor/tmtbe/swooledistributed/src/Server/Start.php(345): Server\SwooleDistributedServer->start() #4 /app/mapgame/vendor/tmtbe/swooledistributed/src/Server/Start.php(70): Server\Start::startSwoole() #5 /app/mapgame/bin/start_swoole_server.php(11): Server\Start::run() #6 {main}   thrown (/app/mapgame/vendor/tmtbe/swooledistributed/src/Server/SwooleDistributedServer.php:298) Stack trace: #0 unknown(0): app\AppServer->checkErrors()  [] []
[2017-12-25 16:54:29] SD.ALERT: WORKER Error {"worker_id":4,"worker_pid":406,"exit_code":255} [] []
[2017-12-25 16:54:31] SD.ALERT: WORKER Error {"worker_id":4,"worker_pid":416,"exit_code":255} [] []
[2017-12-25 16:54:32] SD.ERROR: WORKER EXIT UNEXPECTED Cannot declare class app\Tasks\CarTask, because the name is already in use (/app/mapgame/src/app/Tasks/TestTask.php:31) Stack trace: #0 unknown(0): app\AppServer->checkErrors()  [] []
[2017-12-25 16:54:32] SD.ALERT: WORKER Error {"worker_id":0,"worker_pid":411,"exit_code":255} [] []
[2017-12-25 16:54:33] SD.ERROR: WORKER EXIT UNEXPECTED Cannot declare class app\Tasks\CarTask, because the name is already in use (/app/mapgame/src/app/Tasks/TestTask.php:31) Stack trace: #0 unknown(0): app\AppServer->checkErrors()  [] []
[2017-12-25 16:54:33] SD.ALERT: WORKER Error {"worker_id":3,"worker_pid":414,"exit_code":255} [] []
[2017-12-25 16:54:34] SD.ALERT: WORKER Error {"worker_id":4,"worker_pid":419,"exit_code":255} [] []
[2017-12-25 16:54:35] SD.ALERT: WORKER Error {"worker_id":4,"worker_pid":422,"exit_code":255} [] []
[2017-12-25 16:55:05] SD.ERROR: WORKER EXIT UNEXPECTED Uncaught Server\CoreBase\SwooleException: method model not exist in TestTask in /app/mapgame/vendor/tmtbe/swooledistributed/src/Server/SwooleDistributedServer.php:298 Stack trace: #0 [internal function]: Server\SwooleDistributedServer->onSwooleTask(Object(swoole_websocket_server), 0, 3, Array) #1 /app/mapgame/vendor/tmtbe/swooledistributed/src/Server/SwooleWebSocketServer.php(57): swoole_http_server->start() #2 /app/mapgame/vendor/tmtbe/swooledistributed/src/Server/SwooleDistributedServer.php(148): Server\SwooleWebSocketServer->start() #3 /app/mapgame/vendor/tmtbe/swooledistributed/src/Server/Start.php(345): Server\SwooleDistributedServer->start() #4 /app/mapgame/vendor/tmtbe/swooledistributed/src/Server/Start.php(70): Server\Start::startSwoole() #5 /app/mapgame/bin/start_swoole_server.php(11): Server\Start::run() #6 {main}   thrown (/app/mapgame/vendor/tmtbe/swooledistributed/src/Server/SwooleDistributedServer.php:298) Stack trace: #0 unknown(0): app\AppServer->checkErrors()  [] []
[2017-12-25 16:55:05] SD.ALERT: WORKER Error {"worker_id":4,"worker_pid":429,"exit_code":255} [] []
[2017-12-25 16:55:08] SD.ALERT: WORKER Error {"worker_id":4,"worker_pid":439,"exit_code":255} [] []
[2017-12-25 16:55:09] SD.ALERT: WORKER Error {"worker_id":4,"worker_pid":442,"exit_code":255} [] []
[2017-12-25 16:55:10] SD.ALERT: WORKER Error {"worker_id":4,"worker_pid":443,"exit_code":255} [] []
[2017-12-25 16:55:11] SD.ERROR: WORKER EXIT UNEXPECTED Cannot declare class app\Tasks\CarTask, because the name is already in use (/app/mapgame/src/app/Tasks/TestTask.php:33) Stack trace: #0 unknown(0): app\AppServer->checkErrors()  [] []
[2017-12-25 16:55:11] SD.ALERT: WORKER Error {"worker_id":1,"worker_pid":435,"exit_code":255} [] []
[2017-12-25 16:55:12] SD.ERROR: WORKER EXIT UNEXPECTED Cannot declare class app\Tasks\CarTask, because the name is already in use (/app/mapgame/src/app/Tasks/TestTask.php:33) Stack trace: #0 unknown(0): app\AppServer->checkErrors()  [] []
[2017-12-25 16:55:12] SD.ALERT: WORKER Error {"worker_id":0,"worker_pid":434,"exit_code":255} [] []
[2017-12-25 16:55:13] SD.ERROR: WORKER EXIT UNEXPECTED Cannot declare class app\Tasks\CarTask, because the name is already in use (/app/mapgame/src/app/Tasks/TestTask.php:33) Stack trace: #0 unknown(0): app\AppServer->checkErrors()  [] []
[2017-12-25 16:55:13] SD.ALERT: WORKER Error {"worker_id":3,"worker_pid":437,"exit_code":255} [] []
[2017-12-25 16:56:10] SD.ERROR: WORKER EXIT UNEXPECTED Uncaught Server\CoreBase\SwooleException: class task_class not exists in /app/mapgame/vendor/tmtbe/swooledistributed/src/Server/CoreBase/Loader.php:70 Stack trace: #0 /app/mapgame/vendor/tmtbe/swooledistributed/src/Server/Components/TimerTask/TimerTask.php(163): Server\CoreBase\Loader->task('CarTask', Object(app\AppServer)) #1 [internal function]: Server\Components\TimerTask\TimerTask::Server\Components\TimerTask\{closure}(Object(Server\Components\Event\Event)) #2 /app/mapgame/vendor/tmtbe/swooledistributed/src/Server/Components/Event/EventDispatcher.php(125): call_user_func(Object(Closure), Object(Server\Components\Event\Event)) #3 /app/mapgame/vendor/tmtbe/swooledistributed/src/Server/Components/Event/EventDispatcher.php(105): Server\Components\Event\EventDispatcher->invokeEvent(Object(Server\Components\Event\Event)) #4 /app/mapgame/vendor/tmtbe/swooledistributed/src/Server/Components/Event/EventDispatcher.php(163): Server\Components\Event\EventDispatcher->dispatchEvent(Object(Server\Components\Event\Event) (/app/mapgame/vendor/tmtbe/swooledistributed/src/Server/CoreBase/Loader.php:70) Stack trace: #0 unknown(0): app\AppServer->checkErrors()  [] []
[2017-12-25 16:56:10] SD.ALERT: WORKER Error {"worker_id":2,"worker_pid":460,"exit_code":255} [] []
[2017-12-25 16:56:13] SD.ERROR: WORKER EXIT UNEXPECTED Uncaught Server\CoreBase\SwooleException: class task_class not exists in /app/mapgame/vendor/tmtbe/swooledistributed/src/Server/CoreBase/Loader.php:70 Stack trace: #0 /app/mapgame/vendor/tmtbe/swooledistributed/src/Server/Components/TimerTask/TimerTask.php(163): Server\CoreBase\Loader->task('CarTask', Object(app\AppServer)) #1 [internal function]: Server\Components\TimerTask\TimerTask::Server\Components\TimerTask\{closure}(Object(Server\Components\Event\Event)) #2 /app/mapgame/vendor/tmtbe/swooledistributed/src/Server/Components/Event/EventDispatcher.php(125): call_user_func(Object(Closure), Object(Server\Components\Event\Event)) #3 /app/mapgame/vendor/tmtbe/swooledistributed/src/Server/Components/Event/EventDispatcher.php(105): Server\Components\Event\EventDispatcher->invokeEvent(Object(Server\Components\Event\Event)) #4 /app/mapgame/vendor/tmtbe/swooledistributed/src/Server/Components/Event/EventDispatcher.php(163): Server\Components\Event\EventDispatcher->dispatchEvent(Object(Server\Components\Event\Event) (/app/mapgame/vendor/tmtbe/swooledistributed/src/Server/CoreBase/Loader.php:70) Stack trace: #0 unknown(0): app\AppServer->checkErrors()  [] []
[2017-12-25 16:56:13] SD.ALERT: WORKER Error {"worker_id":0,"worker_pid":458,"exit_code":255} [] []
[2017-12-25 16:56:14] SD.ERROR: WORKER EXIT UNEXPECTED Uncaught Server\CoreBase\SwooleException: class task_class not exists in /app/mapgame/vendor/tmtbe/swooledistributed/src/Server/CoreBase/Loader.php:70 Stack trace: #0 /app/mapgame/vendor/tmtbe/swooledistributed/src/Server/Components/TimerTask/TimerTask.php(163): Server\CoreBase\Loader->task('CarTask', Object(app\AppServer)) #1 [internal function]: Server\Components\TimerTask\TimerTask::Server\Components\TimerTask\{closure}(Object(Server\Components\Event\Event)) #2 /app/mapgame/vendor/tmtbe/swooledistributed/src/Server/Components/Event/EventDispatcher.php(125): call_user_func(Object(Closure), Object(Server\Components\Event\Event)) #3 /app/mapgame/vendor/tmtbe/swooledistributed/src/Server/Components/Event/EventDispatcher.php(105): Server\Components\Event\EventDispatcher->invokeEvent(Object(Server\Components\Event\Event)) #4 /app/mapgame/vendor/tmtbe/swooledistributed/src/Server/Components/Event/EventDispatcher.php(163): Server\Components\Event\EventDispatcher->dispatchEvent(Object(Server\Components\Event\Event) (/app/mapgame/vendor/tmtbe/swooledistributed/src/Server/CoreBase/Loader.php:70) Stack trace: #0 unknown(0): app\AppServer->checkErrors()  [] []
[2017-12-25 16:56:14] SD.ALERT: WORKER Error {"worker_id":0,"worker_pid":466,"exit_code":255} [] []
[2017-12-25 16:56:15] SD.ERROR: WORKER EXIT UNEXPECTED Uncaught Server\CoreBase\SwooleException: class task_class not exists in /app/mapgame/vendor/tmtbe/swooledistributed/src/Server/CoreBase/Loader.php:70 Stack trace: #0 /app/mapgame/vendor/tmtbe/swooledistributed/src/Server/Components/TimerTask/TimerTask.php(163): Server\CoreBase\Loader->task('CarTask', Object(app\AppServer)) #1 [internal function]: Server\Components\TimerTask\TimerTask::Server\Components\TimerTask\{closure}(Object(Server\Components\Event\Event)) #2 /app/mapgame/vendor/tmtbe/swooledistributed/src/Server/Components/Event/EventDispatcher.php(125): call_user_func(Object(Closure), Object(Server\Components\Event\Event)) #3 /app/mapgame/vendor/tmtbe/swooledistributed/src/Server/Components/Event/EventDispatcher.php(105): Server\Components\Event\EventDispatcher->invokeEvent(Object(Server\Components\Event\Event)) #4 /app/mapgame/vendor/tmtbe/swooledistributed/src/Server/Components/Event/EventDispatcher.php(163): Server\Components\Event\EventDispatcher->dispatchEvent(Object(Server\Components\Event\Event) (/app/mapgame/vendor/tmtbe/swooledistributed/src/Server/CoreBase/Loader.php:70) Stack trace: #0 unknown(0): app\AppServer->checkErrors()  [] []
[2017-12-25 16:56:15] SD.ALERT: WORKER Error {"worker_id":0,"worker_pid":467,"exit_code":255} [] []
